生成启动时间为 2021/3/31 星期三 23:28:36。
     1>项目“G:\c chenxuku\常量\常量\常量.vcxproj”在节点 2 上(Build 个目标)。
     1>ClCompile:
         G:\Program\VC\bin\CL.exe /c /ZI /nologo /W3 /WX- /sdl- /Od /Oy- /D _UNICODE /D UNICODE /Gm /EHsc /RTC1 /MDd /GS /fp:precise /Zc:wchar_t /Zc:forScope /Fo"Debug\\" /Fd"Debug\vc120.pdb" /Gd /TC /analyze- /errorReport:prompt test.c
         test.c
     1>g:\c chenxuku\常量\常量\test.c(56): error C2059: 语法错误:“enum [tag]”
     1>g:\c chenxuku\常量\常量\test.c(64): error C2054: 在“main（）”之后应输入“(”
     1>已完成生成项目“G:\c chenxuku\常量\常量\常量.vcxproj”(Build 个目标)的操作 - 失败。

生成失败。

已用时间 00:00:00.21
